<?xml version="1.0" encoding="UTF-8"?>
<coverage generated="1672573476430" clover="3.2.0">
  <project timestamp="1672573476430" name="All files">
    <metrics statements="18" coveredstatements="12" conditionals="10" coveredconditionals="3" methods="7" coveredmethods="2" elements="35" coveredelements="17" complexity="0" loc="18" ncloc="18" packages="2" files="4" classes="4"/>
    <package name="components">
      <metrics statements="12" coveredstatements="9" conditionals="10" coveredconditionals="3" methods="5" coveredmethods="2"/>
      <file name="Header.js" path="C:\tutorial\react-lession-14-test\src\components\Header.js">
        <metrics statements="11" coveredstatements="8" conditionals="10" coveredconditionals="3" methods="4" coveredmethods="2"/>
        <line num="8" count="1" type="stmt"/>
        <line num="9" count="2" type="stmt"/>
        <line num="10" count="1" type="stmt"/>
        <line num="11" count="1" type="stmt"/>
        <line num="13" count="1" type="stmt"/>
        <line num="14" count="1" type="stmt"/>
        <line num="15" count="1" type="stmt"/>
        <line num="16" count="0" type="stmt"/>
        <line num="17" count="0" type="stmt"/>
        <line num="19" count="1" type="stmt"/>
        <line num="51" count="0" type="cond" truecount="0" falsecount="2"/>
      </file>
      <file name="themeContext.js" path="C:\tutorial\react-lession-14-test\src\components\themeContext.js">
        <metrics statements="1" coveredstatements="1" conditionals="0" coveredconditionals="0" methods="1" coveredmethods="0"/>
        <line num="2" count="1" type="stmt"/>
      </file>
    </package>
    <package name="store">
      <metrics statements="6" coveredstatements="3" conditionals="0" coveredconditionals="0" methods="2" coveredmethods="0"/>
      <file name="index.js" path="C:\tutorial\react-lession-14-test\src\store\index.js">
        <metrics statements="1" coveredstatements="1" conditionals="0" coveredconditionals="0" methods="0" coveredmethods="0"/>
        <line num="4" count="1" type="stmt"/>
      </file>
      <file name="user.js" path="C:\tutorial\react-lession-14-test\src\store\user.js">
        <metrics statements="5" coveredstatements="2" conditionals="0" coveredconditionals="0" methods="2" coveredmethods="0"/>
        <line num="2" count="1" type="stmt"/>
        <line num="9" count="0" type="stmt"/>
        <line num="10" count="0" type="stmt"/>
        <line num="13" count="0" type="stmt"/>
        <line num="17" count="1" type="stmt"/>
      </file>
    </package>
  </project>
</coverage>
