{"C:\\tutorial\\react-lession-14-test\\src\\components\\Header.js": {"path":"C:\\tutorial\\react-lession-14-test\\src\\components\\Header.js","statementMap":{"0":{"start":{"line":8,"column":15},"end":{"line":61,"column":1}},"1":{"start":{"line":9,"column":30},"end":{"line":9,"column":54}},"2":{"start":{"line":10,"column":25},"end":{"line":12,"column":4}},"3":{"start":{"line":11,"column":4},"end":{"line":11,"column":22}},"4":{"start":{"line":13,"column":19},"end":{"line":13,"column":32}},"5":{"start":{"line":14,"column":19},"end":{"line":14,"column":32}},"6":{"start":{"line":15,"column":17},"end":{"line":18,"column":3}},"7":{"start":{"line":16,"column":4},"end":{"line":16,"column":23}},"8":{"start":{"line":17,"column":4},"end":{"line":17,"column":17}},"9":{"start":{"line":19,"column":2},"end":{"line":60,"column":4}},"10":{"start":{"line":51,"column":16},"end":{"line":51,"column":62}}},"fnMap":{"0":{"name":"(anonymous_0)","decl":{"start":{"line":8,"column":15},"end":{"line":8,"column":16}},"loc":{"start":{"line":8,"column":21},"end":{"line":61,"column":1}},"line":8},"1":{"name":"(anonymous_1)","decl":{"start":{"line":10,"column":37},"end":{"line":10,"column":38}},"loc":{"start":{"line":10,"column":48},"end":{"line":12,"column":3}},"line":10},"2":{"name":"(anonymous_2)","decl":{"start":{"line":15,"column":17},"end":{"line":15,"column":18}},"loc":{"start":{"line":15,"column":23},"end":{"line":18,"column":3}},"line":15},"3":{"name":"(anonymous_3)","decl":{"start":{"line":50,"column":24},"end":{"line":50,"column":25}},"loc":{"start":{"line":50,"column":30},"end":{"line":52,"column":15}},"line":50}},"branchMap":{"0":{"loc":{"start":{"line":21,"column":27},"end":{"line":21,"column":72}},"type":"cond-expr","locations":[{"start":{"line":21,"column":46},"end":{"line":21,"column":58}},{"start":{"line":21,"column":61},"end":{"line":21,"column":72}}],"line":21},"1":{"loc":{"start":{"line":29,"column":7},"end":{"line":37,"column":7}},"type":"binary-expr","locations":[{"start":{"line":29,"column":7},"end":{"line":29,"column":41}},{"start":{"line":30,"column":8},"end":{"line":36,"column":14}}],"line":29},"2":{"loc":{"start":{"line":32,"column":11},"end":{"line":34,"column":11}},"type":"binary-expr","locations":[{"start":{"line":32,"column":11},"end":{"line":32,"column":45}},{"start":{"line":33,"column":12},"end":{"line":33,"column":50}}],"line":32},"3":{"loc":{"start":{"line":39,"column":9},"end":{"line":44,"column":9}},"type":"binary-expr","locations":[{"start":{"line":39,"column":9},"end":{"line":39,"column":43}},{"start":{"line":40,"column":10},"end":{"line":43,"column":16}}],"line":39},"4":{"loc":{"start":{"line":51,"column":25},"end":{"line":51,"column":60}},"type":"cond-expr","locations":[{"start":{"line":51,"column":44},"end":{"line":51,"column":50}},{"start":{"line":51,"column":53},"end":{"line":51,"column":60}}],"line":51}},"s":{"0":1,"1":2,"2":1,"3":1,"4":1,"5":1,"6":1,"7":0,"8":0,"9":1,"10":0},"f":{"0":2,"1":1,"2":0,"3":0},"b":{"0":[0,1],"1":[1,0],"2":[0,0],"3":[1,0],"4":[0,0]},"_coverageSchema":"1a1c01bbd47fc00a2c39e90264f33305004495a9","hash":"d8c23a37d4de398c690bab3348274ed9c5cbd43e"}
,"C:\\tutorial\\react-lession-14-test\\src\\components\\themeContext.js": {"path":"C:\\tutorial\\react-lession-14-test\\src\\components\\themeContext.js","statementMap":{"0":{"start":{"line":2,"column":21},"end":{"line":2,"column":75}}},"fnMap":{"0":{"name":"(anonymous_0)","decl":{"start":{"line":2,"column":64},"end":{"line":2,"column":65}},"loc":{"start":{"line":2,"column":70},"end":{"line":2,"column":72}},"line":2}},"branchMap":{},"s":{"0":1},"f":{"0":0},"b":{},"_coverageSchema":"1a1c01bbd47fc00a2c39e90264f33305004495a9","hash":"2e0bdd559373e9ff4e3a70b87ef6bb67569bc91d"}
,"C:\\tutorial\\react-lession-14-test\\src\\store\\index.js": {"path":"C:\\tutorial\\react-lession-14-test\\src\\store\\index.js","statementMap":{"0":{"start":{"line":4,"column":14},"end":{"line":8,"column":2}}},"fnMap":{},"branchMap":{},"s":{"0":1},"f":{},"b":{},"_coverageSchema":"1a1c01bbd47fc00a2c39e90264f33305004495a9","hash":"1398133a2e0b3b4103fa68be1f749f07f25f9909"}
,"C:\\tutorial\\react-lession-14-test\\src\\store\\user.js": {"path":"C:\\tutorial\\react-lession-14-test\\src\\store\\user.js","statementMap":{"0":{"start":{"line":2,"column":13},"end":{"line":16,"column":2}},"1":{"start":{"line":9,"column":6},"end":{"line":9,"column":58}},"2":{"start":{"line":10,"column":6},"end":{"line":10,"column":58}},"3":{"start":{"line":13,"column":6},"end":{"line":13,"column":28}},"4":{"start":{"line":17,"column":35},"end":{"line":17,"column":47}}},"fnMap":{"0":{"name":"(anonymous_0)","decl":{"start":{"line":8,"column":13},"end":{"line":8,"column":14}},"loc":{"start":{"line":8,"column":32},"end":{"line":11,"column":5}},"line":8},"1":{"name":"(anonymous_1)","decl":{"start":{"line":12,"column":12},"end":{"line":12,"column":13}},"loc":{"start":{"line":12,"column":23},"end":{"line":14,"column":5}},"line":12}},"branchMap":{},"s":{"0":1,"1":0,"2":0,"3":0,"4":1},"f":{"0":0,"1":0},"b":{},"_coverageSchema":"1a1c01bbd47fc00a2c39e90264f33305004495a9","hash":"985f0c2b46d8938f91cc16aefcc2a47c1cd4c074"}
}
